<?xml version="1.0" encoding="UTF-8"?>
<!-- Generated by org.testng.reporters.JUnitXMLReporter -->
<testsuite hostname="TheGhost-PC" name="TestCase1" tests="2" failures="2" timestamp="10 May 2015 09:20:21 GMT" time="0.172" errors="0">
  <testcase name="Get_MyFriends" time="0.011" classname="com.FCI.SWE.ServicesModels.com.FCI.SWE.ServicesModels.UserEntityTest">
    <failure type="java.lang.RuntimeException" message="Test not implemented">
      <![CDATA[java.lang.RuntimeException: Test not implemented
	at com.FCI.SWE.ServicesModels.com.FCI.SWE.ServicesModels.UserEntityTest.Get_MyFriends(UserEntityTest.java:13)
... Removed 24 stack frames]]>
    </failure>
  </testcase> <!-- Get_MyFriends -->
  <testcase name="getUser" time="0.14" classname="com.FCI.SWE.ServicesModels.com.FCI.SWE.ServicesModels.UserEntityTest">
    <failure type="java.lang.NullPointerException" message="No API environment is registered for this thread.">
      <![CDATA[java.lang.NullPointerException: No API environment is registered for this thread.
	at com.google.appengine.api.datastore.DatastoreApiHelper.getCurrentAppId(DatastoreApiHelper.java:117)
	at com.google.appengine.api.datastore.DatastoreApiHelper.getCurrentAppIdNamespace(DatastoreApiHelper.java:133)
	at com.google.appengine.api.datastore.Query.<init>(Query.java:215)
	at com.google.appengine.api.datastore.Query.<init>(Query.java:144)
	at com.FCI.SWE.ServicesModels.UserEntity.getUser(UserEntity.java:125)
	at com.FCI.SWE.ServicesModels.com.FCI.SWE.ServicesModels.UserEntityTest.getUser(UserEntityTest.java:19)
... Removed 24 stack frames]]>
    </failure>
  </testcase> <!-- getUser -->
</testsuite> <!-- TestCase1 -->
